[Wed Dec  4 14:05:12 2013] install: bbding
[Wed Dec  4 14:05:35 2013] install: cabin
[Wed Dec  4 14:05:35 2013] install: changepage
[Wed Dec  4 14:05:35 2013] install: cmap
[Wed Dec  4 14:05:40 2013] install: ec
[Wed Dec  4 14:05:40 2013] install: etoolbox
[Wed Dec  4 14:05:40 2013] install: fancybox
[Wed Dec  4 14:05:40 2013] install: fancyvrb
[Wed Dec  4 14:05:40 2013] install: fontaxes
[Wed Dec  4 14:05:41 2013] install: framed
[Wed Dec  4 14:05:51 2013] install: helvetic
[Wed Dec  4 14:05:54 2013] install: inconsolata
[Wed Dec  4 14:05:56 2013] install: l3kernel
[Wed Dec  4 14:05:56 2013] install: l3packages
[Wed Dec  4 14:05:56 2013] install: mdframed
[Wed Dec  4 14:05:56 2013] install: mdwtools
[Wed Dec  4 14:05:56 2013] install: microtype
[Wed Dec  4 14:05:57 2013] install: ms
[Wed Dec  4 14:05:57 2013] install: multirow
[Wed Dec  4 14:05:57 2013] install: mweights
[Wed Dec  4 14:05:57 2013] install: needspace
[Wed Dec  4 14:05:57 2013] install: parskip
[Wed Dec  4 14:06:03 2013] install: pgf
[Wed Dec  4 14:06:03 2013] install: threeparttable
[Wed Dec  4 14:06:08 2013] install: times
[Wed Dec  4 14:06:08 2013] install: titlesec
[Wed Dec  4 14:06:08 2013] install: upquote
[Wed Dec  4 14:06:08 2013] install: url
[Wed Dec  4 14:06:08 2013] install: wrapfig
[Wed Dec  4 14:06:09 2013] install: xcolor
[Wed Dec  4 14:06:09 2013] install: xkeyval
